This file contains any messages produced by compilers while
running configure, to aid debugging if configure makes a mistake.

It was created by expect configure 5.45.4, which was
generated by GNU Autoconf 2.69.  Invocation command line was

  $ ./configure --prefix=/app --with-tcl=/app/lib --enable-shared

## --------- ##
## Platform. ##
## --------- ##

hostname = archlinux
uname -m = x86_64
uname -r = 6.16.4-arch1-1
uname -s = Linux
uname -v = #1 SMP PREEMPT_DYNAMIC Thu, 28 Aug 2025 19:49:53 +0000

/usr/bin/uname -p = unknown
/bin/uname -X     = unknown

/bin/arch              = x86_64
/usr/bin/arch -k       = unknown
/usr/convex/getsysinfo = unknown
/usr/bin/hostinfo      = unknown
/bin/machine           = unknown
/usr/bin/oslevel       = unknown
/bin/universe          = unknown

PATH: /app/bin
PATH: /usr/bin


## ----------- ##
## Core tests. ##
## ----------- ##

configure:2369: checking for correct TEA configuration
configure:2382: result: ok (TEA 3.9)
configure:2449: configuring expect 5.45.4
configure:2527: checking for Tcl configuration
configure:2650: result: found /app/lib/tclConfig.sh
configure:2656: checking for existence of /app/lib/tclConfig.sh
configure:2660: result: loading
configure:2798: --exec-prefix defaulting to TCL_EXEC_PREFIX /app
configure:2830: checking for a BSD-compatible install
configure:2898: result: /usr/bin/install -c
configure:2967: checking for gcc
configure:2983: found /usr/bin/gcc
configure:2994: result: gcc
configure:3223: checking for C compiler version
configure:3232: gcc --version >&5
gcc (GCC) 14.3.0
Copyright (C) 2024 Free Software Foundation, Inc.
This is free software; see the source for copying conditions.  There is NO
warranty; not even for MERCHANTABILITY or FITNESS FOR A PARTICULAR PURPOSE.

configure:3243: $? = 0
configure:3232: gcc -v >&5
Using built-in specs.
COLLECT_GCC=gcc
COLLECT_LTO_WRAPPER=/usr/libexec/gcc/x86_64-unknown-linux-gnu/14.3.0/lto-wrapper
Target: x86_64-unknown-linux-gnu
Configured with: ../configure --prefix=/usr --exec-prefix=/usr --bindir=/usr/bin --sbindir=/usr/bin --sysconfdir=/etc --datadir=/usr/share --includedir=/usr/include --libdir=/usr/lib --libexecdir=/usr/libexec --localstatedir=/var --sharedstatedir=/usr/com --mandir=/usr/share/man --infodir=/usr/share/info --enable-deterministic-archives --enable-shared --build=x86_64-unknown-linux-gnu --host=x86_64-unknown-linux-gnu lt_cv_sys_lib_dlsearch_path_spec=/usr/lib/x86_64-linux-gnu --target=x86_64-unknown-linux-gnu --disable-multilib --enable-multiarch --disable-bootstrap --enable-languages=c,c++,fortran,objc,obj-c++ --enable-default-pie --enable-default-ssp --with-isl --disable-libssp --enable-linker-build-id --disable-libstdcxx-filesystem-ts --enable-cet --with-system-zlib --with-tune=generic --with-arch_64=x86-64
Thread model: posix
Supported LTO compression algorithms: zlib
gcc version 14.3.0 (GCC) 
configure:3243: $? = 0
configure:3232: gcc -V >&5
gcc: error: unrecognized command-line option '-V'
gcc: fatal error: no input files
compilation terminated.
configure:3243: $? = 1
configure:3232: gcc -qversion >&5
gcc: error: unrecognized command-line option '-qversion'; did you mean '--version'?
gcc: fatal error: no input files
compilation terminated.
configure:3243: $? = 1
configure:3263: checking whether the C compiler works
configure:3285: gcc -O2 -pipe -g -Wp,-D_FORTIFY_SOURCE=3 -Wp,-D_GLIBCXX_ASSERTIONS -fexceptions -fstack-protector-strong -grecord-gcc-switches -fasynchronous-unwind-tables -fstack-clash-protection -fcf-protection -fno-omit-frame-pointer -mno-omit-leaf-frame-pointer   -L/app/lib -Wl,-z,relro,-z,now -Wl,--as-needed  conftest.c  >&5
configure:3289: $? = 0
configure:3337: result: yes
configure:3340: checking for C compiler default output file name
configure:3342: result: a.out
configure:3348: checking for suffix of executables
configure:3355: gcc -o conftest -O2 -pipe -g -Wp,-D_FORTIFY_SOURCE=3 -Wp,-D_GLIBCXX_ASSERTIONS -fexceptions -fstack-protector-strong -grecord-gcc-switches -fasynchronous-unwind-tables -fstack-clash-protection -fcf-protection -fno-omit-frame-pointer -mno-omit-leaf-frame-pointer   -L/app/lib -Wl,-z,relro,-z,now -Wl,--as-needed  conftest.c  >&5
configure:3359: $? = 0
configure:3381: result: 
configure:3403: checking whether we are cross compiling
configure:3411: gcc -o conftest -O2 -pipe -g -Wp,-D_FORTIFY_SOURCE=3 -Wp,-D_GLIBCXX_ASSERTIONS -fexceptions -fstack-protector-strong -grecord-gcc-switches -fasynchronous-unwind-tables -fstack-clash-protection -fcf-protection -fno-omit-frame-pointer -mno-omit-leaf-frame-pointer   -L/app/lib -Wl,-z,relro,-z,now -Wl,--as-needed  conftest.c  >&5
configure:3415: $? = 0
configure:3422: ./conftest
configure:3426: $? = 0
configure:3441: result: no
configure:3446: checking for suffix of object files
configure:3468: gcc -c -O2 -pipe -g -Wp,-D_FORTIFY_SOURCE=3 -Wp,-D_GLIBCXX_ASSERTIONS -fexceptions -fstack-protector-strong -grecord-gcc-switches -fasynchronous-unwind-tables -fstack-clash-protection -fcf-protection -fno-omit-frame-pointer -mno-omit-leaf-frame-pointer   conftest.c >&5
configure:3472: $? = 0
configure:3493: result: o
configure:3497: checking whether we are using the GNU C compiler
configure:3516: gcc -c -O2 -pipe -g -Wp,-D_FORTIFY_SOURCE=3 -Wp,-D_GLIBCXX_ASSERTIONS -fexceptions -fstack-protector-strong -grecord-gcc-switches -fasynchronous-unwind-tables -fstack-clash-protection -fcf-protection -fno-omit-frame-pointer -mno-omit-leaf-frame-pointer   conftest.c >&5
configure:3516: $? = 0
configure:3525: result: yes
configure:3534: checking whether gcc accepts -g
configure:3554: gcc -c -g  conftest.c >&5
configure:3554: $? = 0
configure:3595: result: yes
configure:3612: checking for gcc option to accept ISO C89
configure:3675: gcc  -c -O2 -pipe -g -Wp,-D_FORTIFY_SOURCE=3 -Wp,-D_GLIBCXX_ASSERTIONS -fexceptions -fstack-protector-strong -grecord-gcc-switches -fasynchronous-unwind-tables -fstack-clash-protection -fcf-protection -fno-omit-frame-pointer -mno-omit-leaf-frame-pointer   conftest.c >&5
configure:3675: $? = 0
configure:3688: result: none needed
configure:3713: checking how to run the C preprocessor
configure:3744: gcc -E  conftest.c
configure:3744: $? = 0
configure:3758: gcc -E  conftest.c
conftest.c:10:10: fatal error: ac_nonexistent.h: No such file or directory
   10 | #include <ac_nonexistent.h>
      |          ^~~~~~~~~~~~~~~~~~
compilation terminated.
configure:3758: $? = 1
configure: failed program was:
| /* confdefs.h */
| #define PACKAGE_NAME "expect"
| #define PACKAGE_TARNAME "expect"
| #define PACKAGE_VERSION "5.45.4"
| #define PACKAGE_STRING "expect 5.45.4"
| #define PACKAGE_BUGREPORT ""
| #define PACKAGE_URL ""
| #define BUILD_expect /**/
| /* end confdefs.h.  */
| #include <ac_nonexistent.h>
configure:3783: result: gcc -E
configure:3803: gcc -E  conftest.c
configure:3803: $? = 0
configure:3817: gcc -E  conftest.c
conftest.c:10:10: fatal error: ac_nonexistent.h: No such file or directory
   10 | #include <ac_nonexistent.h>
      |          ^~~~~~~~~~~~~~~~~~
compilation terminated.
configure:3817: $? = 1
configure: failed program was:
| /* confdefs.h */
| #define PACKAGE_NAME "expect"
| #define PACKAGE_TARNAME "expect"
| #define PACKAGE_VERSION "5.45.4"
| #define PACKAGE_STRING "expect 5.45.4"
| #define PACKAGE_BUGREPORT ""
| #define PACKAGE_URL ""
| #define BUILD_expect /**/
| /* end confdefs.h.  */
| #include <ac_nonexistent.h>
configure:3852: checking whether make sets $(MAKE)
configure:3874: result: yes
configure:3931: checking for ranlib
configure:3947: found /usr/bin/ranlib
configure:3958: result: ranlib
configure:3990: checking for grep that handles long lines and -e
configure:4048: result: /usr/bin/grep
configure:4053: checking for egrep
configure:4115: result: /usr/bin/grep -E
configure:4120: checking for ANSI C header files
configure:4140: gcc -c -O2 -pipe -g -Wp,-D_FORTIFY_SOURCE=3 -Wp,-D_GLIBCXX_ASSERTIONS -fexceptions -fstack-protector-strong -grecord-gcc-switches -fasynchronous-unwind-tables -fstack-clash-protection -fcf-protection -fno-omit-frame-pointer -mno-omit-leaf-frame-pointer   conftest.c >&5
configure:4140: $? = 0
configure:4213: gcc -o conftest -O2 -pipe -g -Wp,-D_FORTIFY_SOURCE=3 -Wp,-D_GLIBCXX_ASSERTIONS -fexceptions -fstack-protector-strong -grecord-gcc-switches -fasynchronous-unwind-tables -fstack-clash-protection -fcf-protection -fno-omit-frame-pointer -mno-omit-leaf-frame-pointer   -L/app/lib -Wl,-z,relro,-z,now -Wl,--as-needed  conftest.c  >&5
configure:4213: $? = 0
configure:4213: ./conftest
configure:4213: $? = 0
configure:4224: result: yes
configure:4237: checking for sys/types.h
configure:4237: gcc -c -O2 -pipe -g -Wp,-D_FORTIFY_SOURCE=3 -Wp,-D_GLIBCXX_ASSERTIONS -fexceptions -fstack-protector-strong -grecord-gcc-switches -fasynchronous-unwind-tables -fstack-clash-protection -fcf-protection -fno-omit-frame-pointer -mno-omit-leaf-frame-pointer   conftest.c >&5
configure:4237: $? = 0
configure:4237: result: yes
configure:4237: checking for sys/stat.h
configure:4237: gcc -c -O2 -pipe -g -Wp,-D_FORTIFY_SOURCE=3 -Wp,-D_GLIBCXX_ASSERTIONS -fexceptions -fstack-protector-strong -grecord-gcc-switches -fasynchronous-unwind-tables -fstack-clash-protection -fcf-protection -fno-omit-frame-pointer -mno-omit-leaf-frame-pointer   conftest.c >&5
configure:4237: $? = 0
configure:4237: result: yes
configure:4237: checking for stdlib.h
configure:4237: gcc -c -O2 -pipe -g -Wp,-D_FORTIFY_SOURCE=3 -Wp,-D_GLIBCXX_ASSERTIONS -fexceptions -fstack-protector-strong -grecord-gcc-switches -fasynchronous-unwind-tables -fstack-clash-protection -fcf-protection -fno-omit-frame-pointer -mno-omit-leaf-frame-pointer   conftest.c >&5
configure:4237: $? = 0
configure:4237: result: yes
configure:4237: checking for string.h
configure:4237: gcc -c -O2 -pipe -g -Wp,-D_FORTIFY_SOURCE=3 -Wp,-D_GLIBCXX_ASSERTIONS -fexceptions -fstack-protector-strong -grecord-gcc-switches -fasynchronous-unwind-tables -fstack-clash-protection -fcf-protection -fno-omit-frame-pointer -mno-omit-leaf-frame-pointer   conftest.c >&5
configure:4237: $? = 0
configure:4237: result: yes
configure:4237: checking for memory.h
configure:4237: gcc -c -O2 -pipe -g -Wp,-D_FORTIFY_SOURCE=3 -Wp,-D_GLIBCXX_ASSERTIONS -fexceptions -fstack-protector-strong -grecord-gcc-switches -fasynchronous-unwind-tables -fstack-clash-protection -fcf-protection -fno-omit-frame-pointer -mno-omit-leaf-frame-pointer   conftest.c >&5
configure:4237: $? = 0
configure:4237: result: yes
configure:4237: checking for strings.h
configure:4237: gcc -c -O2 -pipe -g -Wp,-D_FORTIFY_SOURCE=3 -Wp,-D_GLIBCXX_ASSERTIONS -fexceptions -fstack-protector-strong -grecord-gcc-switches -fasynchronous-unwind-tables -fstack-clash-protection -fcf-protection -fno-omit-frame-pointer -mno-omit-leaf-frame-pointer   conftest.c >&5
configure:4237: $? = 0
configure:4237: result: yes
configure:4237: checking for inttypes.h
configure:4237: gcc -c -O2 -pipe -g -Wp,-D_FORTIFY_SOURCE=3 -Wp,-D_GLIBCXX_ASSERTIONS -fexceptions -fstack-protector-strong -grecord-gcc-switches -fasynchronous-unwind-tables -fstack-clash-protection -fcf-protection -fno-omit-frame-pointer -mno-omit-leaf-frame-pointer   conftest.c >&5
configure:4237: $? = 0
configure:4237: result: yes
configure:4237: checking for stdint.h
configure:4237: gcc -c -O2 -pipe -g -Wp,-D_FORTIFY_SOURCE=3 -Wp,-D_GLIBCXX_ASSERTIONS -fexceptions -fstack-protector-strong -grecord-gcc-switches -fasynchronous-unwind-tables -fstack-clash-protection -fcf-protection -fno-omit-frame-pointer -mno-omit-leaf-frame-pointer   conftest.c >&5
configure:4237: $? = 0
configure:4237: result: yes
configure:4237: checking for unistd.h
configure:4237: gcc -c -O2 -pipe -g -Wp,-D_FORTIFY_SOURCE=3 -Wp,-D_GLIBCXX_ASSERTIONS -fexceptions -fstack-protector-strong -grecord-gcc-switches -fasynchronous-unwind-tables -fstack-clash-protection -fcf-protection -fno-omit-frame-pointer -mno-omit-leaf-frame-pointer   conftest.c >&5
configure:4237: $? = 0
configure:4237: result: yes
configure:4259: checking if the compiler understands -pipe
configure:4277: gcc -c -O2 -pipe -g -Wp,-D_FORTIFY_SOURCE=3 -Wp,-D_GLIBCXX_ASSERTIONS -fexceptions -fstack-protector-strong -grecord-gcc-switches -fasynchronous-unwind-tables -fstack-clash-protection -fcf-protection -fno-omit-frame-pointer -mno-omit-leaf-frame-pointer  -pipe  conftest.c >&5
configure:4277: $? = 0
configure:4285: result: yes
configure:4296: checking whether byte ordering is bigendian
configure:4311: gcc -c -O2 -pipe -g -Wp,-D_FORTIFY_SOURCE=3 -Wp,-D_GLIBCXX_ASSERTIONS -fexceptions -fstack-protector-strong -grecord-gcc-switches -fasynchronous-unwind-tables -fstack-clash-protection -fcf-protection -fno-omit-frame-pointer -mno-omit-leaf-frame-pointer  -pipe  conftest.c >&5
conftest.c:21:16: error: unknown type name 'not'
   21 |                not a universal capable compiler
      |                ^~~
conftest.c:21:22: error: expected '=', ',', ';', 'asm' or '__attribute__' before 'universal'
   21 |                not a universal capable compiler
      |                      ^~~~~~~~~
conftest.c:21:22: error: unknown type name 'universal'
configure:4311: $? = 1
configure: failed program was:
| /* confdefs.h */
| #define PACKAGE_NAME "expect"
| #define PACKAGE_TARNAME "expect"
| #define PACKAGE_VERSION "5.45.4"
| #define PACKAGE_STRING "expect 5.45.4"
| #define PACKAGE_BUGREPORT ""
| #define PACKAGE_URL ""
| #define BUILD_expect /**/
| #define STDC_HEADERS 1
| #define HAVE_SYS_TYPES_H 1
| #define HAVE_SYS_STAT_H 1
| #define HAVE_STDLIB_H 1
| #define HAVE_STRING_H 1
| #define HAVE_MEMORY_H 1
| #define HAVE_STRINGS_H 1
| #define HAVE_INTTYPES_H 1
| #define HAVE_STDINT_H 1
| #define HAVE_UNISTD_H 1
| /* end confdefs.h.  */
| #ifndef __APPLE_CC__
| 	       not a universal capable compiler
| 	     #endif
| 	     typedef int dummy;
| 
configure:4356: gcc -c -O2 -pipe -g -Wp,-D_FORTIFY_SOURCE=3 -Wp,-D_GLIBCXX_ASSERTIONS -fexceptions -fstack-protector-strong -grecord-gcc-switches -fasynchronous-unwind-tables -fstack-clash-protection -fcf-protection -fno-omit-frame-pointer -mno-omit-leaf-frame-pointer  -pipe  conftest.c >&5
configure:4356: $? = 0
configure:4374: gcc -c -O2 -pipe -g -Wp,-D_FORTIFY_SOURCE=3 -Wp,-D_GLIBCXX_ASSERTIONS -fexceptions -fstack-protector-strong -grecord-gcc-switches -fasynchronous-unwind-tables -fstack-clash-protection -fcf-protection -fno-omit-frame-pointer -mno-omit-leaf-frame-pointer  -pipe  conftest.c >&5
conftest.c: In function 'main':
conftest.c:27:18: error: unknown type name 'not'; did you mean 'ino_t'?
   27 |                  not big endian
      |                  ^~~
      |                  ino_t
conftest.c:27:26: error: expected '=', ',', ';', 'asm' or '__attribute__' before 'endian'
   27 |                  not big endian
      |                          ^~~~~~
configure:4374: $? = 1
configure: failed program was:
| /* confdefs.h */
| #define PACKAGE_NAME "expect"
| #define PACKAGE_TARNAME "expect"
| #define PACKAGE_VERSION "5.45.4"
| #define PACKAGE_STRING "expect 5.45.4"
| #define PACKAGE_BUGREPORT ""
| #define PACKAGE_URL ""
| #define BUILD_expect /**/
| #define STDC_HEADERS 1
| #define HAVE_SYS_TYPES_H 1
| #define HAVE_SYS_STAT_H 1
| #define HAVE_STDLIB_H 1
| #define HAVE_STRING_H 1
| #define HAVE_MEMORY_H 1
| #define HAVE_STRINGS_H 1
| #define HAVE_INTTYPES_H 1
| #define HAVE_STDINT_H 1
| #define HAVE_UNISTD_H 1
| /* end confdefs.h.  */
| #include <sys/types.h>
| 		#include <sys/param.h>
| 
| int
| main ()
| {
| #if BYTE_ORDER != BIG_ENDIAN
| 		 not big endian
| 		#endif
| 
|   ;
|   return 0;
| }
configure:4502: result: no
configure:4529: checking for sin
configure:4529: gcc -o conftest -O2 -pipe -g -Wp,-D_FORTIFY_SOURCE=3 -Wp,-D_GLIBCXX_ASSERTIONS -fexceptions -fstack-protector-strong -grecord-gcc-switches -fasynchronous-unwind-tables -fstack-clash-protection -fcf-protection -fno-omit-frame-pointer -mno-omit-leaf-frame-pointer  -pipe  -L/app/lib -Wl,-z,relro,-z,now -Wl,--as-needed  conftest.c  >&5
conftest.c:43:6: warning: conflicting types for built-in function 'sin'; expected 'double(double)' [-Wbuiltin-declaration-mismatch]
   43 | char sin ();
      |      ^~~
conftest.c:31:1: note: 'sin' is declared in header '<math.h>'
   30 | # include <limits.h>
   31 | #else
/usr/lib/gcc/x86_64-unknown-linux-gnu/14.3.0/../../../../x86_64-unknown-linux-gnu/bin/ld: /tmp/ccVorH6G.o: in function `main':
/run/build/expect/conftest.c:54:(.text.startup+0xb): undefined reference to `sin'
collect2: error: ld returned 1 exit status
configure:4529: $? = 1
configure: failed program was:
| /* confdefs.h */
| #define PACKAGE_NAME "expect"
| #define PACKAGE_TARNAME "expect"
| #define PACKAGE_VERSION "5.45.4"
| #define PACKAGE_STRING "expect 5.45.4"
| #define PACKAGE_BUGREPORT ""
| #define PACKAGE_URL ""
| #define BUILD_expect /**/
| #define STDC_HEADERS 1
| #define HAVE_SYS_TYPES_H 1
| #define HAVE_SYS_STAT_H 1
| #define HAVE_STDLIB_H 1
| #define HAVE_STRING_H 1
| #define HAVE_MEMORY_H 1
| #define HAVE_STRINGS_H 1
| #define HAVE_INTTYPES_H 1
| #define HAVE_STDINT_H 1
| #define HAVE_UNISTD_H 1
| /* end confdefs.h.  */
| /* Define sin to an innocuous variant, in case <limits.h> declares sin.
|    For example, HP-UX 11i <limits.h> declares gettimeofday.  */
| #define sin innocuous_sin
| 
| /* System header to define __stub macros and hopefully few prototypes,
|     which can conflict with char sin (); below.
|     Prefer <limits.h> to <assert.h> if __STDC__ is defined, since
|     <limits.h> exists even on freestanding compilers.  */
| 
| #ifdef __STDC__
| # include <limits.h>
| #else
| # include <assert.h>
| #endif
| 
| #undef sin
| 
| /* Override any GCC internal prototype to avoid an error.
|    Use char because int might match the return type of a GCC
|    builtin and then its argument prototype would still apply.  */
| #ifdef __cplusplus
| extern "C"
| #endif
| char sin ();
| /* The GNU C library defines this for functions which it implements
|     to always fail with ENOSYS.  Some functions are actually named
|     something starting with __ and the normal name is an alias.  */
| #if defined __stub_sin || defined __stub___sin
| choke me
| #endif
| 
| int
| main ()
| {
| return sin ();
|   ;
|   return 0;
| }
configure:4529: result: no
configure:4536: checking for main in -lieee
configure:4555: gcc -o conftest -O2 -pipe -g -Wp,-D_FORTIFY_SOURCE=3 -Wp,-D_GLIBCXX_ASSERTIONS -fexceptions -fstack-protector-strong -grecord-gcc-switches -fasynchronous-unwind-tables -fstack-clash-protection -fcf-protection -fno-omit-frame-pointer -mno-omit-leaf-frame-pointer  -pipe  -L/app/lib -Wl,-z,relro,-z,now -Wl,--as-needed  conftest.c -lieee   >&5
/usr/lib/gcc/x86_64-unknown-linux-gnu/14.3.0/../../../../x86_64-unknown-linux-gnu/bin/ld: cannot find -lieee: No such file or directory
collect2: error: ld returned 1 exit status
configure:4555: $? = 1
configure: failed program was:
| /* confdefs.h */
| #define PACKAGE_NAME "expect"
| #define PACKAGE_TARNAME "expect"
| #define PACKAGE_VERSION "5.45.4"
| #define PACKAGE_STRING "expect 5.45.4"
| #define PACKAGE_BUGREPORT ""
| #define PACKAGE_URL ""
| #define BUILD_expect /**/
| #define STDC_HEADERS 1
| #define HAVE_SYS_TYPES_H 1
| #define HAVE_SYS_STAT_H 1
| #define HAVE_STDLIB_H 1
| #define HAVE_STRING_H 1
| #define HAVE_MEMORY_H 1
| #define HAVE_STRINGS_H 1
| #define HAVE_INTTYPES_H 1
| #define HAVE_STDINT_H 1
| #define HAVE_UNISTD_H 1
| /* end confdefs.h.  */
| 
| 
| int
| main ()
| {
| return main ();
|   ;
|   return 0;
| }
configure:4564: result: no
configure:4576: checking for main in -linet
configure:4595: gcc -o conftest -O2 -pipe -g -Wp,-D_FORTIFY_SOURCE=3 -Wp,-D_GLIBCXX_ASSERTIONS -fexceptions -fstack-protector-strong -grecord-gcc-switches -fasynchronous-unwind-tables -fstack-clash-protection -fcf-protection -fno-omit-frame-pointer -mno-omit-leaf-frame-pointer  -pipe  -L/app/lib -Wl,-z,relro,-z,now -Wl,--as-needed  conftest.c -linet   >&5
/usr/lib/gcc/x86_64-unknown-linux-gnu/14.3.0/../../../../x86_64-unknown-linux-gnu/bin/ld: cannot find -linet: No such file or directory
collect2: error: ld returned 1 exit status
configure:4595: $? = 1
configure: failed program was:
| /* confdefs.h */
| #define PACKAGE_NAME "expect"
| #define PACKAGE_TARNAME "expect"
| #define PACKAGE_VERSION "5.45.4"
| #define PACKAGE_STRING "expect 5.45.4"
| #define PACKAGE_BUGREPORT ""
| #define PACKAGE_URL ""
| #define BUILD_expect /**/
| #define STDC_HEADERS 1
| #define HAVE_SYS_TYPES_H 1
| #define HAVE_SYS_STAT_H 1
| #define HAVE_STDLIB_H 1
| #define HAVE_STRING_H 1
| #define HAVE_MEMORY_H 1
| #define HAVE_STRINGS_H 1
| #define HAVE_INTTYPES_H 1
| #define HAVE_STDINT_H 1
| #define HAVE_UNISTD_H 1
| /* end confdefs.h.  */
| 
| 
| int
| main ()
| {
| return main ();
|   ;
|   return 0;
| }
configure:4604: result: no
configure:4610: checking net/errno.h usability
configure:4610: gcc -c -O2 -pipe -g -Wp,-D_FORTIFY_SOURCE=3 -Wp,-D_GLIBCXX_ASSERTIONS -fexceptions -fstack-protector-strong -grecord-gcc-switches -fasynchronous-unwind-tables -fstack-clash-protection -fcf-protection -fno-omit-frame-pointer -mno-omit-leaf-frame-pointer  -pipe  conftest.c >&5
conftest.c:53:10: fatal error: net/errno.h: No such file or directory
   53 | #include <net/errno.h>
      |          ^~~~~~~~~~~~~
compilation terminated.
configure:4610: $? = 1
configure: failed program was:
| /* confdefs.h */
| #define PACKAGE_NAME "expect"
| #define PACKAGE_TARNAME "expect"
| #define PACKAGE_VERSION "5.45.4"
| #define PACKAGE_STRING "expect 5.45.4"
| #define PACKAGE_BUGREPORT ""
| #define PACKAGE_URL ""
| #define BUILD_expect /**/
| #define STDC_HEADERS 1
| #define HAVE_SYS_TYPES_H 1
| #define HAVE_SYS_STAT_H 1
| #define HAVE_STDLIB_H 1
| #define HAVE_STRING_H 1
| #define HAVE_MEMORY_H 1
| #define HAVE_STRINGS_H 1
| #define HAVE_INTTYPES_H 1
| #define HAVE_STDINT_H 1
| #define HAVE_UNISTD_H 1
| /* end confdefs.h.  */
| #include <stdio.h>
| #ifdef HAVE_SYS_TYPES_H
| # include <sys/types.h>
| #endif
| #ifdef HAVE_SYS_STAT_H
| # include <sys/stat.h>
| #endif
| #ifdef STDC_HEADERS
| # include <stdlib.h>
| # include <stddef.h>
| #else
| # ifdef HAVE_STDLIB_H
| #  include <stdlib.h>
| # endif
| #endif
| #ifdef HAVE_STRING_H
| # if !defined STDC_HEADERS && defined HAVE_MEMORY_H
| #  include <memory.h>
| # endif
| # include <string.h>
| #endif
| #ifdef HAVE_STRINGS_H
| # include <strings.h>
| #endif
| #ifdef HAVE_INTTYPES_H
| # include <inttypes.h>
| #endif
| #ifdef HAVE_STDINT_H
| # include <stdint.h>
| #endif
| #ifdef HAVE_UNISTD_H
| # include <unistd.h>
| #endif
| #include <net/errno.h>
configure:4610: result: no
configure:4610: checking net/errno.h presence
configure:4610: gcc -E  conftest.c
conftest.c:20:10: fatal error: net/errno.h: No such file or directory
   20 | #include <net/errno.h>
      |          ^~~~~~~~~~~~~
compilation terminated.
configure:4610: $? = 1
configure: failed program was:
| /* confdefs.h */
| #define PACKAGE_NAME "expect"
| #define PACKAGE_TARNAME "expect"
| #define PACKAGE_VERSION "5.45.4"
| #define PACKAGE_STRING "expect 5.45.4"
| #define PACKAGE_BUGREPORT ""
| #define PACKAGE_URL ""
| #define BUILD_expect /**/
| #define STDC_HEADERS 1
| #define HAVE_SYS_TYPES_H 1
| #define HAVE_SYS_STAT_H 1
| #define HAVE_STDLIB_H 1
| #define HAVE_STRING_H 1
| #define HAVE_MEMORY_H 1
| #define HAVE_STRINGS_H 1
| #define HAVE_INTTYPES_H 1
| #define HAVE_STDINT_H 1
| #define HAVE_UNISTD_H 1
| /* end confdefs.h.  */
| #include <net/errno.h>
configure:4610: result: no
configure:4610: checking for net/errno.h
configure:4610: result: no
configure:4639: checking for connect
configure:4639: gcc -o conftest -O2 -pipe -g -Wp,-D_FORTIFY_SOURCE=3 -Wp,-D_GLIBCXX_ASSERTIONS -fexceptions -fstack-protector-strong -grecord-gcc-switches -fasynchronous-unwind-tables -fstack-clash-protection -fcf-protection -fno-omit-frame-pointer -mno-omit-leaf-frame-pointer  -pipe  -L/app/lib -Wl,-z,relro,-z,now -Wl,--as-needed  conftest.c  >&5
configure:4639: $? = 0
configure:4639: result: yes
configure:4707: checking for gethostbyname
configure:4707: gcc -o conftest -O2 -pipe -g -Wp,-D_FORTIFY_SOURCE=3 -Wp,-D_GLIBCXX_ASSERTIONS -fexceptions -fstack-protector-strong -grecord-gcc-switches -fasynchronous-unwind-tables -fstack-clash-protection -fcf-protection -fno-omit-frame-pointer -mno-omit-leaf-frame-pointer  -pipe  -L/app/lib -Wl,-z,relro,-z,now -Wl,--as-needed  conftest.c  >&5
configure:4707: $? = 0
configure:4707: result: yes
configure:4762: checking dirent.h
configure:4798: gcc -o conftest -O2 -pipe -g -Wp,-D_FORTIFY_SOURCE=3 -Wp,-D_GLIBCXX_ASSERTIONS -fexceptions -fstack-protector-strong -grecord-gcc-switches -fasynchronous-unwind-tables -fstack-clash-protection -fcf-protection -fno-omit-frame-pointer -mno-omit-leaf-frame-pointer  -pipe  -L/app/lib -Wl,-z,relro,-z,now -Wl,--as-needed  conftest.c  >&5
configure:4798: $? = 0
configure:4806: result: yes
configure:4816: checking errno.h usability
configure:4816: gcc -c -O2 -pipe -g -Wp,-D_FORTIFY_SOURCE=3 -Wp,-D_GLIBCXX_ASSERTIONS -fexceptions -fstack-protector-strong -grecord-gcc-switches -fasynchronous-unwind-tables -fstack-clash-protection -fcf-protection -fno-omit-frame-pointer -mno-omit-leaf-frame-pointer  -pipe  conftest.c >&5
configure:4816: $? = 0
configure:4816: result: yes
configure:4816: checking errno.h presence
configure:4816: gcc -E  conftest.c
configure:4816: $? = 0
configure:4816: result: yes
configure:4816: checking for errno.h
configure:4816: result: yes
configure:4826: checking float.h usability
configure:4826: gcc -c -O2 -pipe -g -Wp,-D_FORTIFY_SOURCE=3 -Wp,-D_GLIBCXX_ASSERTIONS -fexceptions -fstack-protector-strong -grecord-gcc-switches -fasynchronous-unwind-tables -fstack-clash-protection -fcf-protection -fno-omit-frame-pointer -mno-omit-leaf-frame-pointer  -pipe  conftest.c >&5
configure:4826: $? = 0
configure:4826: result: yes
configure:4826: checking float.h presence
configure:4826: gcc -E  conftest.c
configure:4826: $? = 0
configure:4826: result: yes
configure:4826: checking for float.h
configure:4826: result: yes
configure:4836: checking values.h usability
configure:4836: gcc -c -O2 -pipe -g -Wp,-D_FORTIFY_SOURCE=3 -Wp,-D_GLIBCXX_ASSERTIONS -fexceptions -fstack-protector-strong -grecord-gcc-switches -fasynchronous-unwind-tables -fstack-clash-protection -fcf-protection -fno-omit-frame-pointer -mno-omit-leaf-frame-pointer  -pipe  conftest.c >&5
configure:4836: $? = 0
configure:4836: result: yes
configure:4836: checking values.h presence
configure:4836: gcc -E  conftest.c
configure:4836: $? = 0
configure:4836: result: yes
configure:4836: checking for values.h
configure:4836: result: yes
configure:4846: checking limits.h usability
configure:4846: gcc -c -O2 -pipe -g -Wp,-D_FORTIFY_SOURCE=3 -Wp,-D_GLIBCXX_ASSERTIONS -fexceptions -fstack-protector-strong -grecord-gcc-switches -fasynchronous-unwind-tables -fstack-clash-protection -fcf-protection -fno-omit-frame-pointer -mno-omit-leaf-frame-pointer  -pipe  conftest.c >&5
configure:4846: $? = 0
configure:4846: result: yes
configure:4846: checking limits.h presence
configure:4846: gcc -E  conftest.c
configure:4846: $? = 0
configure:4846: result: yes
configure:4846: checking for limits.h
configure:4846: result: yes
configure:4858: checking for stdlib.h
configure:4858: result: yes
configure:4910: checking for string.h
configure:4910: result: yes
configure:4954: checking sys/wait.h usability
configure:4954: gcc -c -O2 -pipe -g -Wp,-D_FORTIFY_SOURCE=3 -Wp,-D_GLIBCXX_ASSERTIONS -fexceptions -fstack-protector-strong -grecord-gcc-switches -fasynchronous-unwind-tables -fstack-clash-protection -fcf-protection -fno-omit-frame-pointer -mno-omit-leaf-frame-pointer  -pipe  conftest.c >&5
configure:4954: $? = 0
configure:4954: result: yes
configure:4954: checking sys/wait.h presence
configure:4954: gcc -E  conftest.c
configure:4954: $? = 0
configure:4954: result: yes
configure:4954: checking for sys/wait.h
configure:4954: result: yes
configure:4964: checking dlfcn.h usability
configure:4964: gcc -c -O2 -pipe -g -Wp,-D_FORTIFY_SOURCE=3 -Wp,-D_GLIBCXX_ASSERTIONS -fexceptions -fstack-protector-strong -grecord-gcc-switches -fasynchronous-unwind-tables -fstack-clash-protection -fcf-protection -fno-omit-frame-pointer -mno-omit-leaf-frame-pointer  -pipe  conftest.c >&5
configure:4964: $? = 0
configure:4964: result: yes
configure:4964: checking dlfcn.h presence
configure:4964: gcc -E  conftest.c
configure:4964: $? = 0
configure:4964: result: yes
configure:4964: checking for dlfcn.h
configure:4964: result: yes
configure:4978: checking sys/param.h usability
configure:4978: gcc -c -O2 -pipe -g -Wp,-D_FORTIFY_SOURCE=3 -Wp,-D_GLIBCXX_ASSERTIONS -fexceptions -fstack-protector-strong -grecord-gcc-switches -fasynchronous-unwind-tables -fstack-clash-protection -fcf-protection -fno-omit-frame-pointer -mno-omit-leaf-frame-pointer  -pipe  conftest.c >&5
configure:4978: $? = 0
configure:4978: result: yes
configure:4978: checking sys/param.h presence
configure:4978: gcc -E  conftest.c
configure:4978: $? = 0
configure:4978: result: yes
configure:4978: checking for sys/param.h
configure:4978: result: yes
configure:5007: checking for Tcl public headers
configure:5078: result: /app/include
configure:5093: checking for Tcl private include files
configure:5139: error: Cannot find private header tclInt.h in /run/build/tcl

## ---------------- ##
## Cache variables. ##
## ---------------- ##

ac_cv_c_bigendian=no
ac_cv_c_compiler_gnu=yes
ac_cv_c_tclconfig=/app/lib
ac_cv_c_tclh=/app/include
ac_cv_env_CC_set=
ac_cv_env_CC_value=
ac_cv_env_CFLAGS_set=set
ac_cv_env_CFLAGS_value='-O2 -pipe -g -Wp,-D_FORTIFY_SOURCE=3 -Wp,-D_GLIBCXX_ASSERTIONS -fexceptions -fstack-protector-strong -grecord-gcc-switches -fasynchronous-unwind-tables -fstack-clash-protection -fcf-protection -fno-omit-frame-pointer -mno-omit-leaf-frame-pointer '
ac_cv_env_CPPFLAGS_set=
ac_cv_env_CPPFLAGS_value=
ac_cv_env_CPP_set=
ac_cv_env_CPP_value=
ac_cv_env_LDFLAGS_set=set
ac_cv_env_LDFLAGS_value='-L/app/lib -Wl,-z,relro,-z,now -Wl,--as-needed '
ac_cv_env_LIBS_set=
ac_cv_env_LIBS_value=
ac_cv_env_build_alias_set=
ac_cv_env_build_alias_value=
ac_cv_env_host_alias_set=
ac_cv_env_host_alias_value=
ac_cv_env_target_alias_set=
ac_cv_env_target_alias_value=
ac_cv_func_connect=yes
ac_cv_func_gethostbyname=yes
ac_cv_func_sin=no
ac_cv_header_dlfcn_h=yes
ac_cv_header_errno_h=yes
ac_cv_header_float_h=yes
ac_cv_header_inttypes_h=yes
ac_cv_header_limits_h=yes
ac_cv_header_memory_h=yes
ac_cv_header_net_errno_h=no
ac_cv_header_stdc=yes
ac_cv_header_stdint_h=yes
ac_cv_header_stdlib_h=yes
ac_cv_header_string_h=yes
ac_cv_header_strings_h=yes
ac_cv_header_sys_param_h=yes
ac_cv_header_sys_stat_h=yes
ac_cv_header_sys_types_h=yes
ac_cv_header_sys_wait_h=yes
ac_cv_header_unistd_h=yes
ac_cv_header_values_h=yes
ac_cv_lib_ieee_main=no
ac_cv_lib_inet_main=no
ac_cv_objext=o
ac_cv_path_EGREP='/usr/bin/grep -E'
ac_cv_path_GREP=/usr/bin/grep
ac_cv_path_install='/usr/bin/install -c'
ac_cv_prog_CPP='gcc -E'
ac_cv_prog_ac_ct_CC=gcc
ac_cv_prog_ac_ct_RANLIB=ranlib
ac_cv_prog_cc_c89=
ac_cv_prog_cc_g=yes
ac_cv_prog_make_make_set=yes
tcl_cv_cc_pipe=yes
tcl_cv_dirent_h=yes

## ----------------- ##
## Output variables. ##
## ----------------- ##

AR=''
CC='gcc'
CELIB_DIR=''
CFLAGS='-O2 -pipe -g -Wp,-D_FORTIFY_SOURCE=3 -Wp,-D_GLIBCXX_ASSERTIONS -fexceptions -fstack-protector-strong -grecord-gcc-switches -fasynchronous-unwind-tables -fstack-clash-protection -fcf-protection -fno-omit-frame-pointer -mno-omit-leaf-frame-pointer  -pipe'
CFLAGS_DEBUG=''
CFLAGS_DEFAULT=''
CFLAGS_OPTIMIZE=''
CFLAGS_WARNING=''
CLEANFILES=''
CPP='gcc -E'
CPPFLAGS=''
CYGPATH='echo'
DEFAULT_STTY_ARGS=''
DEFS=''
ECHO_C=''
ECHO_N='-n'
ECHO_T=''
EGREP='/usr/bin/grep -E'
EXEEXT=''
EXP_BUILD_LIB_SPEC=''
EXP_CC_SEARCH_FLAGS=''
GREP='/usr/bin/grep'
INSTALL_DATA='${INSTALL} -m 644'
INSTALL_PROGRAM='${INSTALL}'
INSTALL_SCRIPT='${INSTALL}'
LDFLAGS='-L/app/lib -Wl,-z,relro,-z,now -Wl,--as-needed '
LDFLAGS_DEFAULT=''
LD_LIBRARY_PATH_VAR=''
LIBOBJS=''
LIBS=''
LTLIBOBJS=''
MAKE_LIB=''
MAKE_SHARED_LIB=''
MAKE_STATIC_LIB=''
MAKE_STUB_LIB=''
MATH_LIBS='-lm'
OBJEXT='o'
PACKAGE_BUGREPORT=''
PACKAGE_NAME='expect'
PACKAGE_STRING='expect 5.45.4'
PACKAGE_TARNAME='expect'
PACKAGE_URL=''
PACKAGE_VERSION='5.45.4'
PATH_SEPARATOR=':'
PKG_CFLAGS=''
PKG_HEADERS=''
PKG_INCLUDES=''
PKG_LIBS=''
PKG_LIB_FILE=''
PKG_OBJECTS=''
PKG_SOURCES=''
PKG_STUB_LIB_FILE=''
PKG_STUB_OBJECTS=''
PKG_STUB_SOURCES=''
PKG_TCL_SOURCES=''
RANLIB='ranlib'
RANLIB_STUB=''
SETPGRP_VOID=''
SETUID=''
SET_MAKE=''
SHARED_BUILD=''
SHELL='/bin/sh'
SHLIB_CFLAGS=''
SHLIB_LD=''
SHLIB_LD_LIBS=''
STLIB_LD=''
TCLSH_PROG=''
TCL_BIN_DIR='/app/lib'
TCL_CC_SEARCH_FLAGS='"-Wl,-rpath,${LIB_RUNTIME_DIR}"'
TCL_DBGX=''
TCL_DEFS='-DPACKAGE_NAME=\"tcl\" -DPACKAGE_TARNAME=\"tcl\" -DPACKAGE_VERSION=\"8.6\" -DPACKAGE_STRING=\"tcl\ 8.6\" -DPACKAGE_BUGREPORT=\"\" -DSTDC_HEADERS=1 -DHAVE_SYS_TYPES_H=1 -DHAVE_SYS_STAT_H=1 -DHAVE_STDLIB_H=1 -DHAVE_STRING_H=1 -DHAVE_MEMORY_H=1 -DHAVE_STRINGS_H=1 -DHAVE_INTTYPES_H=1 -DHAVE_STDINT_H=1 -DHAVE_UNISTD_H=1 -DHAVE_SYS_PARAM_H=1 -DUSE_THREAD_ALLOC=1 -D_REENTRANT=1 -D_THREAD_SAFE=1 -DHAVE_PTHREAD_ATTR_SETSTACKSIZE=1 -DHAVE_PTHREAD_ATFORK=1 -DTCL_THREADS=1 -DTCL_CFGVAL_ENCODING=\"iso8859-1\" -DHAVE_ZLIB=1 -DMODULE_SCOPE=extern\ __attribute__\(\(__visibility__\(\"hidden\"\)\)\) -DHAVE_HIDDEN=1 -DHAVE_CAST_TO_UNION=1 -DHAVE_VFORK=1 -DHAVE_POSIX_SPAWNP=1 -DHAVE_POSIX_SPAWN_FILE_ACTIONS_ADDDUP2=1 -DHAVE_POSIX_SPAWNATTR_SETFLAGS=1 -DTCL_SHLIB_EXT=\".so\" -DNDEBUG=1 -DTCL_CFG_OPTIMIZED=1 -DTCL_TOMMATH=1 -DMP_PREC=4 -D_LARGEFILE64_SOURCE=1 -DTCL_WIDE_INT_IS_LONG=1 -DHAVE_GETCWD=1 -DHAVE_MKSTEMP=1 -DHAVE_OPENDIR=1 -DHAVE_STRTOL=1 -DHAVE_WAITPID=1 -DHAVE_GETNAMEINFO=1 -DHAVE_GETADDRINFO=1 -DHAVE_FREEADDRINFO=1 -DHAVE_GAI_STRERROR=1 -DHAVE_STRUCT_ADDRINFO=1 -DHAVE_STRUCT_IN6_ADDR=1 -DHAVE_STRUCT_SOCKADDR_IN6=1 -DHAVE_STRUCT_SOCKADDR_STORAGE=1 -DHAVE_GETPWUID_R_5=1 -DHAVE_GETPWUID_R=1 -DHAVE_GETPWNAM_R_5=1 -DHAVE_GETPWNAM_R=1 -DHAVE_GETGRGID_R_5=1 -DHAVE_GETGRGID_R=1 -DHAVE_GETGRNAM_R_5=1 -DHAVE_GETGRNAM_R=1 -DHAVE_DECL_GETHOSTBYNAME_R=1 -DHAVE_GETHOSTBYNAME_R_6=1 -DHAVE_GETHOSTBYNAME_R=1 -DHAVE_DECL_GETHOSTBYADDR_R=1 -DHAVE_GETHOSTBYADDR_R_8=1 -DHAVE_GETHOSTBYADDR_R=1 -DHAVE_TERMIOS_H=1 -DHAVE_SYS_IOCTL_H=1 -DHAVE_SYS_TIME_H=1 -DTIME_WITH_SYS_TIME=1 -DHAVE_GMTIME_R=1 -DHAVE_LOCALTIME_R=1 -DHAVE_MKTIME=1 -DHAVE_TM_GMTOFF=1 -DHAVE_TIMEZONE_VAR=1 -DHAVE_STRUCT_STAT_ST_BLOCKS=1 -DHAVE_STRUCT_STAT_ST_BLKSIZE=1 -DHAVE_BLKCNT_T=1 -DHAVE_INTPTR_T=1 -DHAVE_UINTPTR_T=1 -DNO_UNION_WAIT=1 -DHAVE_SIGNED_CHAR=1 -DHAVE_LANGINFO=1 -DHAVE_MKSTEMPS=1 -DHAVE_FTS=1 -DHAVE_SYS_IOCTL_H=1 -DTCL_UNLOAD_DLLS=1 -DHAVE_CPUID=1 '
TCL_DL_LIBS='-ldl'
TCL_EXTRA_CFLAGS='-O2 -pipe -g -Wp,-D_FORTIFY_SOURCE=3 -Wp,-D_GLIBCXX_ASSERTIONS -fexceptions -fstack-protector-strong -grecord-gcc-switches -fasynchronous-unwind-tables -fstack-clash-protection -fcf-protection -fno-omit-frame-pointer -mno-omit-leaf-frame-pointer  -pipe '
TCL_INCLUDES='-I"/run/build/tcl/generic" -I"/run/build/tcl/unix"'
TCL_LD_FLAGS='-L/app/lib -Wl,-z,relro,-z,now -Wl,--as-needed  -Wl,--export-dynamic '
TCL_LIBS='${DL_LIBS} ${LIBS} ${MATH_LIBS}'
TCL_LIB_FILE='libtcl8.6.so'
TCL_LIB_FLAG='-ltcl8.6'
TCL_LIB_SPEC='-L/app/lib -ltcl8.6'
TCL_PATCH_LEVEL='.14'
TCL_SHLIB_LD_LIBS='${LIBS}'
TCL_SRC_DIR='/run/build/tcl'
TCL_STUB_LIB_FILE='libtclstub8.6.a'
TCL_STUB_LIB_FLAG='-ltclstub8.6'
TCL_STUB_LIB_SPEC='-L/app/lib -ltclstub8.6'
TCL_THREADS='1'
TCL_TOP_DIR_NATIVE='"/run/build/tcl"'
TCL_VERSION='8.6'
VC_MANIFEST_EMBED_DLL=''
VC_MANIFEST_EMBED_EXE=''
ac_ct_CC='gcc'
bindir='${exec_prefix}/bin'
build=''
build_alias=''
build_cpu=''
build_os=''
build_vendor=''
datadir='${datarootdir}'
datarootdir='${prefix}/share'
docdir='${datarootdir}/doc/${PACKAGE_TARNAME}'
dvidir='${docdir}'
exec_prefix='/app'
host=''
host_alias=''
host_cpu=''
host_os=''
host_vendor=''
htmldir='${docdir}'
includedir='${prefix}/include'
infodir='${datarootdir}/info'
libdir='${exec_prefix}/lib'
libexecdir='${exec_prefix}/libexec'
localedir='${datarootdir}/locale'
localstatedir='${prefix}/var'
mandir='${datarootdir}/man'
oldincludedir='/usr/include'
pdfdir='${docdir}'
prefix='/app'
program_transform_name='s,x,x,'
psdir='${docdir}'
runstatedir='${localstatedir}/run'
sbindir='${exec_prefix}/sbin'
sharedstatedir='${prefix}/com'
subdirs=''
sysconfdir='${prefix}/etc'
target=''
target_alias=''
target_cpu=''
target_os=''
target_vendor=''

## ----------- ##
## confdefs.h. ##
## ----------- ##

/* confdefs.h */
#define PACKAGE_NAME "expect"
#define PACKAGE_TARNAME "expect"
#define PACKAGE_VERSION "5.45.4"
#define PACKAGE_STRING "expect 5.45.4"
#define PACKAGE_BUGREPORT ""
#define PACKAGE_URL ""
#define BUILD_expect /**/
#define STDC_HEADERS 1
#define HAVE_SYS_TYPES_H 1
#define HAVE_SYS_STAT_H 1
#define HAVE_STDLIB_H 1
#define HAVE_STRING_H 1
#define HAVE_MEMORY_H 1
#define HAVE_STRINGS_H 1
#define HAVE_INTTYPES_H 1
#define HAVE_STDINT_H 1
#define HAVE_UNISTD_H 1
#define HAVE_LIMITS_H 1
#define HAVE_SYS_PARAM_H 1

configure: exit 1
